SLURM_JOB_ID:    695012
Running on node: biwirender14
Starting on:     Sun Apr 30 13:58:58 CEST 2023
wandb: Currently logged in as: csvision. Use `wandb login --relogin` to force relogin
wandb: wandb version 0.15.0 is available!  To upgrade, please run:
wandb:  $ pip install wandb --upgrade
wandb: Tracking run with wandb version 0.13.7
wandb: Run data is saved locally in /scratch_net/biwidl311/shichen/evennicer-slam/EvenNICER-SLAM/wandb/run-20230430_135955-zcoieooq
wandb: Run `wandb offline` to turn off syncing.
wandb: Syncing run clear-smoke-9
wandb: ⭐️ View project at https://wandb.ai/csvision/EvenNICER-SLAM
wandb: 🚀 View run at https://wandb.ai/csvision/EvenNICER-SLAM/runs/zcoieooq
Running on Replica_event dataset!
Running on Replica_event dataset!
Running on Replica_event dataset!
Checkpoints will be saved every 500 frames!
Running on Replica_event dataset!
Checkpoints will be saved every 500 frames!
Running on Replica_event dataset!
INFO: The output folder is /scratch_net/biwidl311/shichen/evennicer-slam/EvenNICER-SLAM/output/evennicer-slam/Replica/room0-gap5_blur9
INFO: The GT, generated and residual depth/color images can be found under /scratch_net/biwidl311/shichen/evennicer-slam/EvenNICER-SLAM/output/evennicer-slam/Replica/room0-gap5_blur9/tracking_vis/ and /scratch_net/biwidl311/shichen/evennicer-slam/EvenNICER-SLAM/output/evennicer-slam/Replica/room0-gap5_blur9/mapping_vis/
INFO: The mesh can be found under /scratch_net/biwidl311/shichen/evennicer-slam/EvenNICER-SLAM/output/evennicer-slam/Replica/room0-gap5_blur9/mesh/
INFO: The checkpoint can be found under /scratch_net/biwidl311/shichen/evennicer-slam/EvenNICER-SLAM/output/evennicer-slam/Replica/room0-gap5_blur9/ckpt/
